Bottle v0.12.8 server starting up (using TornadoServer())...
Listening on http://0.0.0.0:80/
Hit Ctrl-C to quit.

WARNING:tornado.access:404 GET /holylight.png (69.181.28.231) 10.66ms
Bottle v0.12.8 server starting up (using TornadoServer())...
Listening on http://0.0.0.0:80/
Hit Ctrl-C to quit.

Traceback (most recent call last):
  File "app.py", line 28, in <module>
    run(host = '0.0.0.0', port = 80, server = 'tornado', debug = True)
  File "/usr/local/lib/python2.7/dist-packages/bottle.py", line 3117, in run
    server.run(app)
  File "/usr/local/lib/python2.7/dist-packages/bottle.py", line 2850, in run
    server.listen(port=self.port,address=self.host)
  File "/usr/local/lib/python2.7/dist-packages/tornado/tcpserver.py", line 126, in listen
    sockets = bind_sockets(port, address=address)
  File "/usr/local/lib/python2.7/dist-packages/tornado/netutil.py", line 187, in bind_sockets
    sock.bind(sockaddr)
  File "/usr/lib/python2.7/socket.py", line 228, in meth
    return getattr(self._sock,name)(*args)
socket.error: [Errno 98] Address already in use
Bottle v0.12.8 server starting up (using TornadoServer())...
Listening on http://0.0.0.0:80/
Hit Ctrl-C to quit.

Traceback (most recent call last):
  File "app.py", line 28, in <module>
    run(host = '0.0.0.0', port = 80, server = 'tornado', debug = True)
  File "/usr/local/lib/python2.7/dist-packages/bottle.py", line 3117, in run
    server.run(app)
  File "/usr/local/lib/python2.7/dist-packages/bottle.py", line 2850, in run
    server.listen(port=self.port,address=self.host)
  File "/usr/local/lib/python2.7/dist-packages/tornado/tcpserver.py", line 126, in listen
    sockets = bind_sockets(port, address=address)
  File "/usr/local/lib/python2.7/dist-packages/tornado/netutil.py", line 187, in bind_sockets
    sock.bind(sockaddr)
  File "/usr/lib/python2.7/socket.py", line 228, in meth
    return getattr(self._sock,name)(*args)
socket.error: [Errno 98] Address already in use
Bottle v0.12.8 server starting up (using TornadoServer())...
Listening on http://0.0.0.0:80/
Hit Ctrl-C to quit.

Traceback (most recent call last):
  File "app.py", line 28, in <module>
    run(host = '0.0.0.0', port = 80, server = 'tornado', debug = True)
  File "/usr/local/lib/python2.7/dist-packages/bottle.py", line 3117, in run
    server.run(app)
  File "/usr/local/lib/python2.7/dist-packages/bottle.py", line 2850, in run
    server.listen(port=self.port,address=self.host)
  File "/usr/local/lib/python2.7/dist-packages/tornado/tcpserver.py", line 126, in listen
    sockets = bind_sockets(port, address=address)
  File "/usr/local/lib/python2.7/dist-packages/tornado/netutil.py", line 187, in bind_sockets
    sock.bind(sockaddr)
  File "/usr/lib/python2.7/socket.py", line 228, in meth
    return getattr(self._sock,name)(*args)
socket.error: [Errno 98] Address already in use
Bottle v0.12.8 server starting up (using TornadoServer())...
Listening on http://0.0.0.0:80/
Hit Ctrl-C to quit.

Traceback (most recent call last):
  File "app.py", line 28, in <module>
    run(host = '0.0.0.0', port = 80, server = 'tornado', debug = True)
  File "/usr/local/lib/python2.7/dist-packages/bottle.py", line 3117, in run
    server.run(app)
  File "/usr/local/lib/python2.7/dist-packages/bottle.py", line 2850, in run
    server.listen(port=self.port,address=self.host)
  File "/usr/local/lib/python2.7/dist-packages/tornado/tcpserver.py", line 126, in listen
    sockets = bind_sockets(port, address=address)
  File "/usr/local/lib/python2.7/dist-packages/tornado/netutil.py", line 187, in bind_sockets
    sock.bind(sockaddr)
  File "/usr/lib/python2.7/socket.py", line 228, in meth
    return getattr(self._sock,name)(*args)
socket.error: [Errno 98] Address already in use
WARNING:tornado.access:404 GET /holy.jpg (50.141.67.139) 2.63ms
Bottle v0.12.8 server starting up (using TornadoServer())...
Listening on http://0.0.0.0:80/
Hit Ctrl-C to quit.

WARNING:tornado.access:404 CONNECT google.com:443 (141.212.122.82) 6.49ms
Bottle v0.12.8 server starting up (using TornadoServer())...
Listening on http://0.0.0.0:80/
Hit Ctrl-C to quit.

Bottle v0.12.8 server starting up (using TornadoServer())...
Listening on http://0.0.0.0:80/
Hit Ctrl-C to quit.

Traceback (most recent call last):
  File "app.py", line 28, in <module>
    run(host = '0.0.0.0', port = 80, server = 'tornado', debug = True)
  File "/usr/local/lib/python2.7/dist-packages/bottle.py", line 3117, in run
    server.run(app)
  File "/usr/local/lib/python2.7/dist-packages/bottle.py", line 2850, in run
    server.listen(port=self.port,address=self.host)
  File "/usr/local/lib/python2.7/dist-packages/tornado/tcpserver.py", line 126, in listen
    sockets = bind_sockets(port, address=address)
  File "/usr/local/lib/python2.7/dist-packages/tornado/netutil.py", line 187, in bind_sockets
    sock.bind(sockaddr)
  File "/usr/lib/python2.7/socket.py", line 228, in meth
    return getattr(self._sock,name)(*args)
socket.error: [Errno 98] Address already in use
WARNING:tornado.access:404 GET /light.png (50.141.67.139) 8.80ms
Bottle v0.12.8 server starting up (using TornadoServer())...
Listening on http://0.0.0.0:80/
Hit Ctrl-C to quit.

Bottle v0.12.8 server starting up (using TornadoServer())...
Listening on http://0.0.0.0:80/
Hit Ctrl-C to quit.

Bottle v0.12.8 server starting up (using TornadoServer())...
Listening on http://0.0.0.0:80/
Hit Ctrl-C to quit.

